<?xml version="1.0" encoding="UTF-8"?>
<!-- Generated by org.testng.reporters.JUnitReportReporter -->
<testsuite hostname="DESKTOP-0MGR9KI" failures="0" tests="6" name="com.nexsoft.cicool.TestLoginUser" time="13.763" errors="0" timestamp="2022-06-15T20:42:16 ICT" skipped="1">
  <testcase classname="com.nexsoft.cicool.TestLoginUser" name="testLogin_usernameValid_passwordValid" time="4.219"/>
  <system-out>
    <![CDATA[<img src='file://D:\selenium-workspace\CicoolPOM\hasilScreenshot\20220615_204206.png'height="450" width="1017"/>]]>
  </system-out>
  <testcase classname="com.nexsoft.cicool.TestLoginUser" name="testLogin_usernameValid_passwordNotValid" time="2.988"/>
  <system-out>
    <![CDATA[<img src='file://D:\selenium-workspace\CicoolPOM\hasilScreenshot\20220615_204209.png'height="450" width="1017"/>]]>
  </system-out>
  <testcase classname="com.nexsoft.cicool.TestLoginUser" name="testLogin_usernameNotValid_passwordNotValid" time="2.330"/>
  <system-out>
    <![CDATA[<img src='file://D:\selenium-workspace\CicoolPOM\hasilScreenshot\20220615_204211.png'height="450" width="1017"/>]]>
  </system-out>
  <testcase classname="com.nexsoft.cicool.TestLoginUser" name="testLogin_usernameEmpty_passwordEmpty" time="2.149"/>
  <system-out>
    <![CDATA[<img src='file://D:\selenium-workspace\CicoolPOM\hasilScreenshot\20220615_204213.png'height="450" width="1017"/>]]>
  </system-out>
  <testcase classname="com.nexsoft.cicool.TestLoginUser" name="testforgotPassword" time="2.077"/>
  <system-out>
    <![CDATA[<img src='file://D:\selenium-workspace\CicoolPOM\hasilScreenshot\20220615_204215.png'height="450" width="1017"/>]]>
  </system-out>
  <testcase classname="com.nexsoft.cicool.TestLoginUser" name="testLogin">
    <skipped/>
  </testcase> <!-- testLogin -->
  <system-out/>
</testsuite> <!-- com.nexsoft.cicool.TestLoginUser -->
