<?xml version="1.0" encoding="UTF-8"?>
<!-- Generated by org.testng.reporters.JUnitReportReporter -->
<testsuite hostname="DESKTOP-0MGR9KI" failures="0" tests="5" name="com.nexsoft.cicool.TestLoginUser" time="21.968" errors="0" timestamp="2022-08-20T21:23:44 ICT" skipped="0">
  <testcase classname="com.nexsoft.cicool.TestLoginUser" name="testLogin_usernameValid_passwordValid" time="5.110"/>
  <system-out/>
  <testcase classname="com.nexsoft.cicool.TestLoginUser" name="testLogin_usernameValid_passwordNotValid" time="4.295"/>
  <system-out/>
  <testcase classname="com.nexsoft.cicool.TestLoginUser" name="testLogin_usernameNotValid_passwordNotValid" time="3.064"/>
  <system-out/>
  <testcase classname="com.nexsoft.cicool.TestLoginUser" name="testLogin_usernameEmpty_passwordEmpty" time="3.785"/>
  <system-out/>
  <testcase classname="com.nexsoft.cicool.TestLoginUser" name="testforgotPassword" time="5.714"/>
  <system-out/>
</testsuite> <!-- com.nexsoft.cicool.TestLoginUser -->
