<?xml version="1.0" encoding="UTF-8"?>
<!-- Generated by org.testng.reporters.JUnitReportReporter -->
<testsuite hostname="DESKTOP-0MGR9KI" failures="0" tests="6" name="com.nexsoft.cicool.TestLoginUser" time="13.861" errors="0" timestamp="2022-06-15T21:57:02 ICT" skipped="1">
  <testcase classname="com.nexsoft.cicool.TestLoginUser" name="testLogin_usernameValid_passwordValid" time="3.697"/>
  <system-out>
    <![CDATA[<img src='file://D:\selenium-workspace\CicoolPOM\hasilScreenshot\20220615_215651.png'height="450" width="1017"/>]]>
  </system-out>
  <testcase classname="com.nexsoft.cicool.TestLoginUser" name="testLogin_usernameValid_passwordNotValid" time="3.450"/>
  <system-out>
    <![CDATA[<img src='file://D:\selenium-workspace\CicoolPOM\hasilScreenshot\20220615_215655.png'height="450" width="1017"/>]]>
  </system-out>
  <testcase classname="com.nexsoft.cicool.TestLoginUser" name="testLogin_usernameNotValid_passwordNotValid" time="2.387"/>
  <system-out>
    <![CDATA[<img src='file://D:\selenium-workspace\CicoolPOM\hasilScreenshot\20220615_215657.png'height="450" width="1017"/>]]>
  </system-out>
  <testcase classname="com.nexsoft.cicool.TestLoginUser" name="testLogin_usernameEmpty_passwordEmpty" time="2.168"/>
  <system-out>
    <![CDATA[<img src='file://D:\selenium-workspace\CicoolPOM\hasilScreenshot\20220615_215659.png'height="450" width="1017"/>]]>
  </system-out>
  <testcase classname="com.nexsoft.cicool.TestLoginUser" name="testforgotPassword" time="2.159"/>
  <system-out>
    <![CDATA[<img src='file://D:\selenium-workspace\CicoolPOM\hasilScreenshot\20220615_215702.png'height="450" width="1017"/>]]>
  </system-out>
  <testcase classname="com.nexsoft.cicool.TestLoginUser" name="testLogin">
    <skipped/>
  </testcase> <!-- testLogin -->
  <system-out/>
</testsuite> <!-- com.nexsoft.cicool.TestLoginUser -->
